<?xml version="1.0" encoding="UTF-8"?>
<testng-results ignored="0" total="1" passed="1" failed="0" skipped="0">
  <reporter-output>
  </reporter-output>
  <suite started-at="2021-01-23T11:48:01Z" name="Default suite" finished-at="2021-01-23T11:48:21Z" duration-ms="19999">
    <groups>
    </groups>
    <test started-at="2021-01-23T11:48:01Z" name="Default test" finished-at="2021-01-23T11:48:21Z" duration-ms="19999">
      <class name="testcases.ApplicationLogin">
        <test-method is-config="true" signature="setUp()[pri:0, instance:testcases.ApplicationLogin@45a4b042]" started-at="2021-01-23T11:48:01Z" name="setUp" finished-at="2021-01-23T11:48:16Z" duration-ms="15383" status="PASS">
          <reporter-output>
          </reporter-output>
        </test-method> <!-- setUp -->
        <test-method signature="loginTest()[pri:0, instance:testcases.ApplicationLogin@45a4b042]" started-at="2021-01-23T11:48:16Z" name="loginTest" finished-at="2021-01-23T11:48:20Z" duration-ms="3613" status="PASS">
          <reporter-output>
          </reporter-output>
        </test-method> <!-- loginTest -->
        <test-method is-config="true" signature="tearDown()[pri:0, instance:testcases.ApplicationLogin@45a4b042]" started-at="2021-01-23T11:48:20Z" name="tearDown" finished-at="2021-01-23T11:48:21Z" duration-ms="982" status="PASS">
          <reporter-output>
          </reporter-output>
        </test-method> <!-- tearDown -->
      </class> <!-- testcases.ApplicationLogin -->
    </test> <!-- Default test -->
  </suite> <!-- Default suite -->
</testng-results>
